#
# A fatal error has been detected by the Java Runtime Environment:
#
#  EXCEPTION_ACCESS_VIOLATION (0xc0000005) at pc=0x00000214ac5366d0, pid=33180, tid=33448
#
# JRE version: OpenJDK Runtime Environment Temurin-21.0.8+9 (21.0.8+9) (build 21.0.8+9-LTS)
# Java VM: OpenJDK 64-Bit Server VM Temurin-21.0.8+9 (21.0.8+9-LTS, mixed mode, sharing, tiered, compressed oops, compressed class ptrs, g1 gc, windows-amd64)
# Problematic frame:
# v  ~BufferBlob::MethodHandles adapters 0x00000214ac5366d0
#
# No core dump will be written. Minidumps are not enabled by default on client versions of Windows
#
# If you would like to submit a bug report, please visit:
#   https://github.com/adoptium/adoptium-support/issues
#

---------------  S U M M A R Y ------------

Command Line: -XX:+ShowCodeDetailsInExceptionMessages -agentlib:jdwp=transport=dt_socket,suspend=y,address=localhost:64594 -javaagent:C:\Users\Kartik K\eclipse\dsl-2025-06\eclipse\configuration\org.eclipse.osgi\308\0\.cp\lib\javaagent-shaded.jar -Dfile.encoding=UTF-8 -Dstdout.encoding=UTF-8 -Dstderr.encoding=UTF-8 com.example.Shridevi.h.manangement.ShrideviHManangementApplication

Host: Intel(R) Core(TM) Ultra 5 125H, 18 cores, 15G,  Windows 11 , 64 bit Build 26100 (10.0.26100.4768)
Time: Sat Aug  2 10:32:34 2025 India Standard Time elapsed time: 110.480224 seconds (0d 0h 1m 50s)

---------------  T H R E A D  ---------------

Current thread (0x00000214a16f9840):  JavaThread "main"             [_thread_in_Java, id=33448, stack(0x0000008ce5000000,0x0000008ce5100000) (1024K)]

Stack: [0x0000008ce5000000,0x0000008ce5100000],  sp=0x0000008ce50fe0f8,  free space=1016k
Native frames: (J=compiled Java code, j=interpreted, Vv=VM code, C=native code)
C  0x00000214ac5366d0

The last pc belongs to _linkToSpecial (printed below).

siginfo: EXCEPTION_ACCESS_VIOLATION (0xc0000005), reading address 0xffffffffffffffff


Registers:
RAX=0x00000214ac4e91b4, RBX=0xe197602f00000000, RCX=0x0000008ce50fe100, RDX=0x0000000000000002
RSP=0x0000008ce50fe0f8, RBP=0x0000008ce50fe148, RSI=0x00000214845a0d98, RDI=0x0000021488dea770
R8 =0x0000000000000002, R9 =0x0000000000000002, R10=0x00000214be29dff0, R11=0x00000214bd0b5da0
R12=0x0000000000000000, R13=0x0000008ce50fe0f8, R14=0x0000008ce50fe168, R15=0x00000214a16f9840
RIP=0x00000214ac5366d0, EFLAGS=0x0000000000010202

XMM[0]=0x0000000000000000 0x0000000000000000
XMM[1]=0x0000000000000000 0x0000000000000000
XMM[2]=0x0000000000000000 0x0000000000000000
XMM[3]=0x0000000000000000 0x0000000000000000
XMM[4]=0x0000000000000000 0x0000000000000000
XMM[5]=0x0000000000000000 0x0000000000000000
XMM[6]=0x437c1d2e12c2a0bb 0x4ceca76c40ae8190
XMM[7]=0xd3bdaae91c3aef4a 0x7390eba51cfaab1c
XMM[8]=0x060e196ea586143f 0xbaed75ee5c52007f
XMM[9]=0x65ae1d6d65ae1d6d 0x65ae1d6ddcb3b02a
XMM[10]=0x0000000000000000 0x00000000770592bd
XMM[11]=0xc303ff10c303ff10 0xc303ff109fb7af3a
XMM[12]=0x0000000000000000 0x00000000dcb3b02a
XMM[13]=0x0000000000000000 0x0000000000000000
XMM[14]=0x0000000000000000 0x0000000000000000
XMM[15]=0x0000000000000000 0x0000000000000000
  MXCSR=0x00001fa0


Register to memory mapping:

RAX=0x00000214ac4e91b4 is at code_begin+3380 in an Interpreter codelet
return entry points  [0x00000214ac4e8480, 0x00000214ac4ea590]  8464 bytes
RBX=0xe197602f00000000 is an unknown value
RCX=0x0000008ce50fe100 is pointing into the stack for thread: 0x00000214a16f9840
RDX=0x0000000000000002 is an unknown value
RSP=0x0000008ce50fe0f8 is pointing into the stack for thread: 0x00000214a16f9840
RBP=0x0000008ce50fe148 is pointing into the stack for thread: 0x00000214a16f9840
RSI=0x00000214845a0d98 points into unknown readable memory: 0x800004928e527a5a | 5a 7a 52 8e 92 04 00 80
RDI=0x0000021488dea770 points into unknown readable memory: 0x0000001800000070 | 70 00 00 00 18 00 00 00
R8 =0x0000000000000002 is an unknown value
R9 =0x0000000000000002 is an unknown value
R10=0x00000214be29dff0 is a pointer to class: 
com.example.Shridevi.h.manangement.HomePageController {0x00000214be29dff8}
 - instance size:     2
 - klass size:        69
 - access:            public synchronized 
 - flags:             rewritten has_nonstatic_fields should_verify_class has_localvariable_table has_resolved_methods has_been_redefined 
 - state:             fully_initialized
 - name:              'com/example/Shridevi/h/manangement/HomePageController'
 - super:             'java/lang/Object'
 - sub:               
 - arrays:            null
 - methods:           Array<T>(0x000002148331d3a8)
 - method ordering:   Array<T>(0x000002148331d7b0)
 - local interfaces:  Array<T>(0x00000214bd611630)
 - trans. interfaces: Array<T>(0x00000214bd611630)
 - secondary supers: Array<T>(0x00000214bd611180)
 - hash_slot:         28
 - bitmap:            0x0000000000000000
 - constants:         constant pool [91] {0x000002148331dd08} for 'com/example/Shridevi/h/manangement/HomePageController' cache=0x000002148331e068
 - class loader data:  loader data: 0x00000214bc9a0700 for instance a 'jdk/internal/loader/ClassLoaders$AppClassLoader'{0x0000000709286640}
 - source file:       'HomePageController.java'
 - source debug extension:       SMAP
HomePageController.java
Java
*S jdt
*F
1 HomePageController.java
2 file:/C:/Users/Kartik%20K/Downloads/Shridevi%20h%20manangement/Shridevi-h-manangement/target/classes/
*L
*E

 - class annotations:       Array<T>(0x000002148331d760)
 - field annotations:       Array<T>(0x000002148331d398)
 - inner classes:     Array<T>(0x00000214bd6115b8)
 - nest members:     Array<T>(0x00000214bd6115b8)
 - permitted subclasses:     Array<T>(0x00000214bd6115b8)
 - java mirror:       a 'java/lang/Class'{0x000000070994a818} = 'com/example/Shridevi/h/manangement/HomePageController'
 - vtable length      8  (start addr: 0x00000214be29e1c0)
 - itable length      2 (start addr: 0x00000214be29e200)
 - ---- static fields (0 words):
 - ---- non-static fields (1 words):
 - 'repo' 'Lcom/example/Shridevi/h/manangement/ProductRepository;' @12 
 - non-static oop maps: 12-12 
R11={method} {0x00000214bd0b5da8} 'newInvokeSpecial' '(Ljava/lang/Object;)Ljava/lang/Object;' in 'java/lang/invoke/DirectMethodHandle$Holder'
R12=0x0 is null
R13=0x0000008ce50fe0f8 is pointing into the stack for thread: 0x00000214a16f9840
R14=0x0000008ce50fe168 is pointing into the stack for thread: 0x00000214a16f9840
R15=0x00000214a16f9840 is a thread

Top of Stack: (sp=0x0000008ce50fe0f8)
0x0000008ce50fe0f8:   00000214ac4e91b4 0000008ce50fe100
0x0000008ce50fe108:   00000214bd72b44f 0000000000000004
0x0000008ce50fe118:   00000214bd0b1258 0000021480948520
0x0000008ce50fe128:   00000007092b0728 00000214bd0b5da0
0x0000008ce50fe138:   0000008ce50fe0f8 0000008ce50fe170
0x0000008ce50fe148:   0000008ce50fe510 00000214a558ed42
0x0000008ce50fe158:   000000070cbb0080 000000070cbb0128
0x0000008ce50fe168:   000000070cbb00e0 000000070929af80
0x0000008ce50fe178:   000000070cbb00b0 0000000000000000
0x0000008ce50fe188:   0000000700000001 000000070994a818
0x0000008ce50fe198:   00000007099495c0 000000070cbafe80
0x0000008ce50fe1a8:   00000214a16f9840 0000008ce50fe510
0x0000008ce50fe1b8:   00000214a5b406dc 000099b66f8db28e
0x0000008ce50fe1c8:   00007ffc6847cb40 000000000000002a
0x0000008ce50fe1d8:   00000214ac52f106 000000000000027f
0x0000008ce50fe1e8:   0000000000000ad6 0000000000000000
0x0000008ce50fe1f8:   0000ffff00001fa0 000000000000027f
0x0000008ce50fe208:   0000000000000000 0000000000000000
0x0000008ce50fe218:   000000070cbb0110 000000070cbafed8
0x0000008ce50fe228:   0000000700000000 000000070cbafd48
0x0000008ce50fe238:   000000070cbafe80 000000070cbafe80
0x0000008ce50fe248:   000000070994a818 000000070994a818
0x0000008ce50fe258:   0000000000000001 0000008ce50fe510
0x0000008ce50fe268:   00000214a5969d7c 0000000000000000
0x0000008ce50fe278:   000000070cbb00e0 0000008ce50fe510
0x0000008ce50fe288:   00000214a58c89b4 0000000000000000
0x0000008ce50fe298:   0000000000000000 0000000000000000
0x0000008ce50fe2a8:   0000000000000000 00000214a16f9840
0x0000008ce50fe2b8:   0000000000000000 000000070cbafe80
0x0000008ce50fe2c8:   0000000000000000 000000070cbafd48
0x0000008ce50fe2d8:   000000070cbb0110 000000070cbafe80
0x0000008ce50fe2e8:   0000000000000000 0000000000000000 

Instructions: (pc=0x00000214ac5366d0)
0x00000214ac5365d0:   bf d8 05 00 00 00 74 03 ff 63 38 ff 63 50 e9 1d
0x00000214ac5365e0:   c0 fd ff 66 66 66 0f 1f 84 00 00 00 00 00 66 66
0x00000214ac5365f0:   66 90 66 66 0f 1f 84 00 00 00 00 00 66 66 66 90
0x00000214ac536600:   48 8b 53 08 0f b7 52 2e 48 8b 0c d4 58 5b 50 44
0x00000214ac536610:   8b 51 08 49 bb 00 00 00 bd 14 02 00 00 4d 03 d3
0x00000214ac536620:   4c 8b 5b 10 4b 8b 9c da d0 01 00 00 48 85 db 0f
0x00000214ac536630:   84 10 00 00 00 41 80 bf d8 05 00 00 00 74 03 ff
0x00000214ac536640:   63 38 ff 63 50 e9 b6 bf fd ff 66 66 66 0f 1f 84
0x00000214ac536650:   00 00 00 00 00 66 66 66 90 0f 1f 80 00 00 00 00
0x00000214ac536660:   58 5b 50 8b 5b 24 48 c1 e3 03 48 8b 5b 10 48 85
0x00000214ac536670:   db 0f 84 10 00 00 00 41 80 bf d8 05 00 00 00 74
0x00000214ac536680:   03 ff 63 38 ff 63 50 e9 74 bf fd ff 66 66 66 0f
0x00000214ac536690:   1f 84 00 00 00 00 00 66 66 66 90 0f 1f 44 00 00
0x00000214ac5366a0:   48 8b 53 08 0f b7 52 2e 48 8b 0c d4 58 5b 50 48
0x00000214ac5366b0:   3b 01 8b 5b 24 48 c1 e3 03 48 8b 5b 10 48 85 db
0x00000214ac5366c0:   0f 84 10 00 00 00 41 80 bf d8 05 00 00 00 74 03
0x00000214ac5366d0:   ff 63 38 ff 63 50 e9 25 bf fd ff 0f 1f 44 00 00
0x00000214ac5366e0:   48 8b 53 08 0f b7 52 2e 48 8b 0c d4 58 5b 50 44
0x00000214ac5366f0:   8b 51 08 49 bb 00 00 00 bd 14 02 00 00 4d 03 d3
0x00000214ac536700:   8b 43 18 48 c1 e0 03 48 8b 40 10 48 8b 5b 10 45
0x00000214ac536710:   8b 9a ac 00 00 00 4f 8d 9c da d0 01 00 00 4d 8d
0x00000214ac536720:   14 da 49 8b 1b 48 3b c3 74 15 48 85 db 0f 84 32
0x00000214ac536730:   00 00 00 49 83 c3 10 49 8b 1b 48 3b c3 75 eb 45
0x00000214ac536740:   8b 5b 08 4b 8b 1c 1a 48 85 db 0f 84 10 00 00 00
0x00000214ac536750:   41 80 bf d8 05 00 00 00 74 03 ff 63 38 ff 63 50
0x00000214ac536760:   e9 9b be fd ff e9 96 bb fd ff f4 00 00 00 00 00
0x00000214ac536770:   00 00 00 00 00 00 00 00 00 00 00 00 00 00 00 00
0x00000214ac536780:   00 00 00 00 00 00 00 00 00 00 00 00 00 00 00 00
0x00000214ac536790:   00 00 00 00 00 00 00 00 00 00 00 00 00 00 00 00
0x00000214ac5367a0:   00 00 00 00 00 00 00 00 00 00 00 00 00 00 00 00
0x00000214ac5367b0:   00 00 00 00 00 00 00 00 00 00 00 00 00 00 00 00
0x00000214ac5367c0:   00 00 00 00 00 00 00 00 00 00 00 00 00 00 00 00 


Stack slot to memory mapping:

stack at sp + 0 slots: 0x00000214ac4e91b4 is at code_begin+3380 in an Interpreter codelet
return entry points  [0x00000214ac4e8480, 0x00000214ac4ea590]  8464 bytes
stack at sp + 1 slots: 0x0000008ce50fe100 is pointing into the stack for thread: 0x00000214a16f9840
stack at sp + 2 slots: 0x00000214bd72b44f is pointing into metadata
stack at sp + 3 slots: 0x0000000000000004 is an unknown value
stack at sp + 4 slots: 0x00000214bd0b1258 is pointing into metadata
stack at sp + 5 slots: 0x0000021480948520 is pointing into metadata
stack at sp + 6 slots: 0x00000007092b0728 is an oop: java.lang.Class 
{0x00000007092b0728} - klass: 'java/lang/Class'
 - ---- fields (total size 14 words):
 - private volatile transient 'classRedefinedCount' 'I' @12  0 (0x00000000)
 - injected 'klass' 'J' @16  2288094219808 (0x00000214bd0b0e20)
 - injected 'array_klass' 'J' @24  0 (0x0000000000000000)
 - injected 'oop_size' 'I' @32  14 (0x0000000e)
 - injected 'static_oop_field_count' 'I' @36  0 (0x00000000)
 - private volatile transient 'cachedConstructor' 'Ljava/lang/reflect/Constructor;' @40  null (0x00000000)
 - private transient 'name' 'Ljava/lang/String;' @44  null (0x00000000)
 - private transient 'module' 'Ljava/lang/Module;' @48  a 'java/lang/Module'{0x000000070929b408} (0xe1253681)
 - private final 'classLoader' 'Ljava/lang/ClassLoader;' @52  null (0x00000000)
 - private transient 'classData' 'Ljava/lang/Object;' @56  null (0x00000000)
 - private transient 'packageName' 'Ljava/lang/String;' @60  null (0x00000000)
 - private final 'componentType' 'Ljava/lang/Class;' @64  null (0x00000000)
 - private volatile transient 'reflectionData' 'Ljava/lang/ref/SoftReference;' @68  null (0x00000000)
 - private volatile transient 'genericInfo' 'Lsun/reflect/generics/repository/ClassRepository;' @72  null (0x00000000)
 - private volatile transient 'enumConstants' '[Ljava/lang/Object;' @76  null (0x00000000)
 - private volatile transient 'enumConstantDirectory' 'Ljava/util/Map;' @80  null (0x00000000)
 - private volatile transient 'annotationData' 'Ljava/lang/Class$AnnotationData;' @84  null (0x00000000)
 - private volatile transient 'annotationType' 'Lsun/reflect/annotation/AnnotationType;' @88  null (0x00000000)
 - transient 'classValueMap' 'Ljava/lang/ClassValue$ClassValueMap;' @92  null (0x00000000)
 - injected 'protection_domain' 'Ljava/lang/Object;' @96  null (0x00000000)
 - injected 'signers_name' 'Ljava/lang/Object;' @100  null (0x00000000)
 - injected 'source_file' 'Ljava/lang/Object;' @104  null (0x00000000)
 - injected '<init_lock>' 'Ljava/lang/Object;' @108  null (0x00000000)
 - signature: Ljava/lang/invoke/DirectMethodHandle$Holder;
 - ---- static fields (0):
stack at sp + 7 slots: {method} {0x00000214bd0b5da8} 'newInvokeSpecial' '(Ljava/lang/Object;)Ljava/lang/Object;' in 'java/lang/invoke/DirectMethodHandle$Holder'

MethodHandle::interpreter_entry::_linkToSpecial [0x00000214ac53668c, 0x00000214ac5366db] (79 bytes)
[MachCode]
  0x00000214ac53668c: 6666 660f | 1f84 0000 | 0000 0066 | 6666 900f | 1f44 0000 | 488b 5308 | 0fb7 522e | 488b 0cd4 
  0x00000214ac5366ac: 585b 5048 | 3b01 8b5b | 2448 c1e3 | 0348 8b5b | 1048 85db | 0f84 1000 | 0000 4180 | bfd8 0500 
  0x00000214ac5366cc: 0000 7403 | ff63 38ff | 6350 e925 | 
[/MachCode]

---------------  P R O C E S S  ---------------

Threads class SMR info:
_java_thread_list=0x00000214848c6690, length=19, elements={
0x00000214a16f9840, 0x00000214bbfc9750, 0x00000214bbfca1a0, 0x00000214bc860080,
0x00000214bc860ad0, 0x00000214bc861520, 0x00000214bc862580, 0x00000214bc865720,
0x00000214bc88f6b0, 0x00000214bc98d700, 0x00000214bcbf96f0, 0x00000214bcb2e4f0,
0x00000214bcb2eb70, 0x00000214fe316da0, 0x000002148863ca90, 0x0000021484c9db40,
0x00000214894e1190, 0x0000021486dd9190, 0x0000021486dd7750
}

Java Threads: ( => current thread )
=>0x00000214a16f9840 JavaThread "main"                              [_thread_in_Java, id=33448, stack(0x0000008ce5000000,0x0000008ce5100000) (1024K)]
  0x00000214bbfc9750 JavaThread "Reference Handler"          daemon [_thread_blocked, id=548, stack(0x0000008ce5800000,0x0000008ce5900000) (1024K)]
  0x00000214bbfca1a0 JavaThread "Finalizer"                  daemon [_thread_blocked, id=30944, stack(0x0000008ce5900000,0x0000008ce5a00000) (1024K)]
  0x00000214bc860080 JavaThread "Signal Dispatcher"          daemon [_thread_blocked, id=27912, stack(0x0000008ce5a00000,0x0000008ce5b00000) (1024K)]
  0x00000214bc860ad0 JavaThread "Attach Listener"            daemon [_thread_blocked, id=24504, stack(0x0000008ce5b00000,0x0000008ce5c00000) (1024K)]
  0x00000214bc861520 JavaThread "Service Thread"             daemon [_thread_blocked, id=11948, stack(0x0000008ce5c00000,0x0000008ce5d00000) (1024K)]
  0x00000214bc862580 JavaThread "Monitor Deflation Thread"   daemon [_thread_blocked, id=6540, stack(0x0000008ce5d00000,0x0000008ce5e00000) (1024K)]
  0x00000214bc865720 JavaThread "C2 CompilerThread0"         daemon [_thread_blocked, id=15308, stack(0x0000008ce5e00000,0x0000008ce5f00000) (1024K)]
  0x00000214bc88f6b0 JavaThread "C1 CompilerThread0"         daemon [_thread_blocked, id=4556, stack(0x0000008ce5f00000,0x0000008ce6000000) (1024K)]
  0x00000214bc98d700 JavaThread "Common-Cleaner"             daemon [_thread_blocked, id=33032, stack(0x0000008ce6000000,0x0000008ce6100000) (1024K)]
  0x00000214bcbf96f0 JavaThread "JDWP Transport Listener: dt_socket" daemon [_thread_blocked, id=25252, stack(0x0000008ce6400000,0x0000008ce6500000) (1024K)]
  0x00000214bcb2e4f0 JavaThread "JDWP Event Helper Thread"   daemon [_thread_blocked, id=13244, stack(0x0000008ce6500000,0x0000008ce6600000) (1024K)]
  0x00000214bcb2eb70 JavaThread "JDWP Command Reader"        daemon [_thread_in_native, id=28632, stack(0x0000008ce6600000,0x0000008ce6700000) (1024K)]
  0x00000214fe316da0 JavaThread "Notification Thread"        daemon [_thread_blocked, id=16924, stack(0x0000008ce6800000,0x0000008ce6900000) (1024K)]
  0x000002148863ca90 JavaThread "Catalina-utility-1"                [_thread_blocked, id=12552, stack(0x0000008ce7d00000,0x0000008ce7e00000) (1024K)]
  0x0000021484c9db40 JavaThread "Catalina-utility-2"                [_thread_blocked, id=10324, stack(0x0000008ce7e00000,0x0000008ce7f00000) (1024K)]
  0x00000214894e1190 JavaThread "container-0"                       [_thread_blocked, id=23676, stack(0x0000008ce7f00000,0x0000008ce8000000) (1024K)]
  0x0000021486dd9190 JavaThread "mysql-cj-abandoned-connection-cleanup" daemon [_thread_blocked, id=33716, stack(0x0000008ce8000000,0x0000008ce8100000) (1024K)]
  0x0000021486dd7750 JavaThread "HikariPool-1:housekeeper"   daemon [_thread_blocked, id=30564, stack(0x0000008ce8200000,0x0000008ce8300000) (1024K)]
Total: 19

Other Threads:
  0x00000214bbfaf010 VMThread "VM Thread"                           [id=31560, stack(0x0000008ce5700000,0x0000008ce5800000) (1024K)]
  0x00000214bbf9b3b0 WatcherThread "VM Periodic Task Thread"        [id=24564, stack(0x0000008ce5600000,0x0000008ce5700000) (1024K)]
  0x00000214a1762ab0 WorkerThread "GC Thread#0"                     [id=27036, stack(0x0000008ce5100000,0x0000008ce5200000) (1024K)]
  0x00000214fe9e8500 WorkerThread "GC Thread#1"                     [id=20704, stack(0x0000008ce6900000,0x0000008ce6a00000) (1024K)]
  0x00000214fe7fdf30 WorkerThread "GC Thread#2"                     [id=23632, stack(0x0000008ce6a00000,0x0000008ce6b00000) (1024K)]
  0x00000214fe7fe2d0 WorkerThread "GC Thread#3"                     [id=23056, stack(0x0000008ce6b00000,0x0000008ce6c00000) (1024K)]
  0x00000214fe52a600 WorkerThread "GC Thread#4"                     [id=21744, stack(0x0000008ce6c00000,0x0000008ce6d00000) (1024K)]
  0x00000214fe78e9c0 WorkerThread "GC Thread#5"                     [id=25992, stack(0x0000008ce6d00000,0x0000008ce6e00000) (1024K)]
  0x00000214fe78dee0 WorkerThread "GC Thread#6"                     [id=11640, stack(0x0000008ce6e00000,0x0000008ce6f00000) (1024K)]
  0x00000214fe78e280 WorkerThread "GC Thread#7"                     [id=27060, stack(0x0000008ce6f00000,0x0000008ce7000000) (1024K)]
  0x00000214fe78e620 WorkerThread "GC Thread#8"                     [id=29152, stack(0x0000008ce7000000,0x0000008ce7100000) (1024K)]
  0x00000214fe78d7a0 WorkerThread "GC Thread#9"                     [id=32760, stack(0x0000008ce7100000,0x0000008ce7200000) (1024K)]
  0x00000214ff57f970 WorkerThread "GC Thread#10"                    [id=9296, stack(0x0000008ce7200000,0x0000008ce7300000) (1024K)]
  0x00000214ff57eaf0 WorkerThread "GC Thread#11"                    [id=29576, stack(0x0000008ce7500000,0x0000008ce7600000) (1024K)]
  0x00000214ff5812d0 WorkerThread "GC Thread#12"                    [id=4076, stack(0x0000008ce7600000,0x0000008ce7700000) (1024K)]
  0x00000214ff57e010 WorkerThread "GC Thread#13"                    [id=33100, stack(0x0000008ce7700000,0x0000008ce7800000) (1024K)]
  0x00000214a1790900 ConcurrentGCThread "G1 Main Marker"            [id=22900, stack(0x0000008ce5200000,0x0000008ce5300000) (1024K)]
  0x00000214a17921c0 WorkerThread "G1 Conc#0"                       [id=30420, stack(0x0000008ce5300000,0x0000008ce5400000) (1024K)]
  0x00000214ff57e3b0 WorkerThread "G1 Conc#1"                       [id=21792, stack(0x0000008ce7800000,0x0000008ce7900000) (1024K)]
  0x00000214ff57e750 WorkerThread "G1 Conc#2"                       [id=3420, stack(0x0000008ce7900000,0x0000008ce7a00000) (1024K)]
  0x00000214ff580450 WorkerThread "G1 Conc#3"                       [id=21452, stack(0x0000008ce7a00000,0x0000008ce7b00000) (1024K)]
  0x00000214bbe6a040 ConcurrentGCThread "G1 Refine#0"               [id=16536, stack(0x0000008ce5400000,0x0000008ce5500000) (1024K)]
  0x00000214bbe6c870 ConcurrentGCThread "G1 Service"                [id=15656, stack(0x0000008ce5500000,0x0000008ce5600000) (1024K)]
Total: 23

Threads with active compile tasks:
Total: 0

VM state: not at safepoint (normal execution)

VM Mutex/Monitor currently owned by a thread: None

Heap address: 0x0000000709000000, size: 3952 MB, Compressed Oops mode: Zero based, Oop shift amount: 3

CDS archive(s) mapped at: [0x00000214bd000000-0x00000214bdc80000-0x00000214bdc80000), size 13107200, SharedBaseAddress: 0x00000214bd000000, ArchiveRelocationMode: 1.
Compressed class space mapped at: 0x00000214be000000-0x00000214fe000000, reserved size: 1073741824
Narrow klass base: 0x00000214bd000000, Narrow klass shift: 0, Narrow klass range: 0x100000000

GC Precious Log:
 CardTable entry size: 512
 Card Set container configuration: InlinePtr #cards 4 size 8 Array Of Cards #cards 16 size 48 Howl #buckets 8 coarsen threshold 3686 Howl Bitmap #cards 512 size 80 coarsen threshold 460 Card regions per heap region 1 cards per card region 4096
 CPUs: 18 total, 18 available
 Memory: 15800M
 Large Page Support: Disabled
 NUMA Support: Disabled
 Compressed Oops: Enabled (Zero based)
 Heap Region Size: 2M
 Heap Min Capacity: 8M
 Heap Initial Capacity: 248M
 Heap Max Capacity: 3952M
 Pre-touch: Disabled
 Parallel Workers: 14
 Concurrent Workers: 4
 Concurrent Refinement Workers: 14
 Periodic GC: Disabled

Heap:
 garbage-first heap   total 75776K, used 41424K [0x0000000709000000, 0x0000000800000000)
  region size 2048K, 12 young (24576K), 3 survivors (6144K)
 Metaspace       used 59776K, committed 60288K, reserved 1114112K
  class space    used 7881K, committed 8128K, reserved 1048576K

Heap Regions: E=young(eden), S=young(survivor), O=old, HS=humongous(starts), HC=humongous(continues), CS=collection set, F=free, TAMS=top-at-mark-start, PB=parsable bottom
|   0|0x0000000709000000, 0x0000000709200000, 0x0000000709200000|100%| O|  |TAMS 0x0000000709000000| PB 0x0000000709000000| Untracked 
|   1|0x0000000709200000, 0x0000000709400000, 0x0000000709400000|100%| O|  |TAMS 0x0000000709200000| PB 0x0000000709200000| Untracked 
|   2|0x0000000709400000, 0x0000000709600000, 0x0000000709600000|100%| O|  |TAMS 0x0000000709400000| PB 0x0000000709400000| Untracked 
|   3|0x0000000709600000, 0x0000000709800000, 0x0000000709800000|100%| O|  |TAMS 0x0000000709600000| PB 0x0000000709600000| Untracked 
|   4|0x0000000709800000, 0x0000000709a00000, 0x0000000709a00000|100%| O|  |TAMS 0x0000000709800000| PB 0x0000000709800000| Untracked 
|   5|0x0000000709a00000, 0x0000000709c00000, 0x0000000709c00000|100%| O|  |TAMS 0x0000000709a00000| PB 0x0000000709a00000| Untracked 
|   6|0x0000000709c00000, 0x0000000709e00000, 0x0000000709e00000|100%| O|  |TAMS 0x0000000709c00000| PB 0x0000000709c00000| Untracked 
|   7|0x0000000709e00000, 0x000000070a000000, 0x000000070a000000|100%| O|  |TAMS 0x0000000709e00000| PB 0x0000000709e00000| Untracked 
|   8|0x000000070a000000, 0x000000070a000000, 0x000000070a200000|  0%| F|  |TAMS 0x000000070a000000| PB 0x000000070a000000| Untracked 
|   9|0x000000070a200000, 0x000000070a400000, 0x000000070a400000|100%| O|  |TAMS 0x000000070a200000| PB 0x000000070a200000| Untracked 
|  10|0x000000070a400000, 0x000000070a5ec7f0, 0x000000070a600000| 96%| O|  |TAMS 0x000000070a400000| PB 0x000000070a400000| Untracked 
|  11|0x000000070a600000, 0x000000070a600000, 0x000000070a800000|  0%| F|  |TAMS 0x000000070a600000| PB 0x000000070a600000| Untracked 
|  12|0x000000070a800000, 0x000000070a887a70, 0x000000070aa00000| 26%| S|CS|TAMS 0x000000070a800000| PB 0x000000070a800000| Complete 
|  13|0x000000070aa00000, 0x000000070ac00000, 0x000000070ac00000|100%| S|CS|TAMS 0x000000070aa00000| PB 0x000000070aa00000| Complete 
|  14|0x000000070ac00000, 0x000000070ae00000, 0x000000070ae00000|100%| S|CS|TAMS 0x000000070ac00000| PB 0x000000070ac00000| Complete 
|  15|0x000000070ae00000, 0x000000070ae00000, 0x000000070b000000|  0%| F|  |TAMS 0x000000070ae00000| PB 0x000000070ae00000| Untracked 
|  16|0x000000070b000000, 0x000000070b000000, 0x000000070b200000|  0%| F|  |TAMS 0x000000070b000000| PB 0x000000070b000000| Untracked 
|  17|0x000000070b200000, 0x000000070b200000, 0x000000070b400000|  0%| F|  |TAMS 0x000000070b200000| PB 0x000000070b200000| Untracked 
|  18|0x000000070b400000, 0x000000070b400000, 0x000000070b600000|  0%| F|  |TAMS 0x000000070b400000| PB 0x000000070b400000| Untracked 
|  19|0x000000070b600000, 0x000000070b600000, 0x000000070b800000|  0%| F|  |TAMS 0x000000070b600000| PB 0x000000070b600000| Untracked 
|  20|0x000000070b800000, 0x000000070b800000, 0x000000070ba00000|  0%| F|  |TAMS 0x000000070b800000| PB 0x000000070b800000| Untracked 
|  21|0x000000070ba00000, 0x000000070ba00000, 0x000000070bc00000|  0%| F|  |TAMS 0x000000070ba00000| PB 0x000000070ba00000| Untracked 
|  22|0x000000070bc00000, 0x000000070bc00000, 0x000000070be00000|  0%| F|  |TAMS 0x000000070bc00000| PB 0x000000070bc00000| Untracked 
|  23|0x000000070be00000, 0x000000070be00000, 0x000000070c000000|  0%| F|  |TAMS 0x000000070be00000| PB 0x000000070be00000| Untracked 
|  24|0x000000070c000000, 0x000000070c000000, 0x000000070c200000|  0%| F|  |TAMS 0x000000070c000000| PB 0x000000070c000000| Untracked 
|  25|0x000000070c200000, 0x000000070c200000, 0x000000070c400000|  0%| F|  |TAMS 0x000000070c200000| PB 0x000000070c200000| Untracked 
|  26|0x000000070c400000, 0x000000070c400000, 0x000000070c600000|  0%| F|  |TAMS 0x000000070c400000| PB 0x000000070c400000| Untracked 
|  27|0x000000070c600000, 0x000000070c600000, 0x000000070c800000|  0%| F|  |TAMS 0x000000070c600000| PB 0x000000070c600000| Untracked 
|  28|0x000000070c800000, 0x000000070c8ac960, 0x000000070ca00000| 33%| E|  |TAMS 0x000000070c800000| PB 0x000000070c800000| Complete 
|  29|0x000000070ca00000, 0x000000070cc00000, 0x000000070cc00000|100%| E|CS|TAMS 0x000000070ca00000| PB 0x000000070ca00000| Complete 
|  30|0x000000070cc00000, 0x000000070ce00000, 0x000000070ce00000|100%| E|CS|TAMS 0x000000070cc00000| PB 0x000000070cc00000| Complete 
|  31|0x000000070ce00000, 0x000000070d000000, 0x000000070d000000|100%| E|CS|TAMS 0x000000070ce00000| PB 0x000000070ce00000| Complete 
|  32|0x000000070d000000, 0x000000070d200000, 0x000000070d200000|100%| E|CS|TAMS 0x000000070d000000| PB 0x000000070d000000| Complete 
|  55|0x000000070fe00000, 0x0000000710000000, 0x0000000710000000|100%| E|CS|TAMS 0x000000070fe00000| PB 0x000000070fe00000| Complete 
|  56|0x0000000710000000, 0x0000000710200000, 0x0000000710200000|100%| E|CS|TAMS 0x0000000710000000| PB 0x0000000710000000| Complete 
|  57|0x0000000710200000, 0x0000000710400000, 0x0000000710400000|100%| E|CS|TAMS 0x0000000710200000| PB 0x0000000710200000| Complete 
| 123|0x0000000718600000, 0x0000000718800000, 0x0000000718800000|100%| E|CS|TAMS 0x0000000718600000| PB 0x0000000718600000| Complete 

Card table byte_map: [0x00000214b51e0000,0x00000214b59a0000] _byte_map_base: 0x00000214b1998000

Marking Bits: (CMBitMap*) 0x00000214a17630c0
 Bits: [0x00000214b59a0000, 0x00000214b9760000)

Polling page: 0x000002149f4f0000

Metaspace:

Usage:
  Non-class:     50.68 MB used.
      Class:      7.70 MB used.
       Both:     58.38 MB used.

Virtual space:
  Non-class space:       64.00 MB reserved,      50.94 MB ( 80%) committed,  1 nodes.
      Class space:        1.00 GB reserved,       7.94 MB ( <1%) committed,  1 nodes.
             Both:        1.06 GB reserved,      58.88 MB (  5%) committed. 

Chunk freelists:
   Non-Class:  12.88 MB
       Class:  8.06 MB
        Both:  20.94 MB

MaxMetaspaceSize: unlimited
CompressedClassSpaceSize: 1.00 GB
Initial GC threshold: 21.00 MB
Current GC threshold: 59.00 MB
CDS: on
 - commit_granule_bytes: 65536.
 - commit_granule_words: 8192.
 - virtual_space_node_default_size: 8388608.
 - enlarge_chunks_in_place: 1.
 - use_allocation_guard: 0.


Internal statistics:

num_allocs_failed_limit: 6.
num_arena_births: 788.
num_arena_deaths: 0.
num_vsnodes_births: 2.
num_vsnodes_deaths: 0.
num_space_committed: 942.
num_space_uncommitted: 0.
num_chunks_returned_to_freelist: 6.
num_chunks_taken_from_freelist: 2769.
num_chunk_merges: 3.
num_chunk_splits: 2022.
num_chunks_enlarged: 1597.
num_inconsistent_stats: 0.

CodeHeap 'non-profiled nmethods': size=119168Kb used=5319Kb max_used=5319Kb free=113848Kb
 bounds [0x00000214acc30000, 0x00000214ad170000, 0x00000214b4090000]
CodeHeap 'profiled nmethods': size=119104Kb used=11831Kb max_used=11831Kb free=107272Kb
 bounds [0x00000214a5090000, 0x00000214a5c20000, 0x00000214ac4e0000]
CodeHeap 'non-nmethods': size=7488Kb used=1746Kb max_used=3451Kb free=5741Kb
 bounds [0x00000214ac4e0000, 0x00000214ac850000, 0x00000214acc30000]
CodeCache: size=245760Kb, used=18896Kb, max_used=20601Kb, free=226861Kb
 total_blobs=6216, nmethods=5507, adapters=613, full_count=0
Compilation: enabled, stopped_count=0, restarted_count=0

Compilation events (20 events):
Event: 92.930 Thread 0x00000214bc88f6b0 5923       3       java.util.concurrent.locks.ReentrantReadWriteLock$Sync::exclusiveCount (5 bytes)
Event: 92.930 Thread 0x00000214bc88f6b0 nmethod 5923 0x00000214a51d4310 code [0x00000214a51d44a0, 0x00000214a51d4598]
Event: 102.931 Thread 0x00000214bc88f6b0 5924       3       java.util.concurrent.locks.AbstractQueuedSynchronizer::releaseShared (19 bytes)
Event: 102.931 Thread 0x00000214bc88f6b0 nmethod 5924 0x00000214a5c1ba10 code [0x00000214a5c1bc20, 0x00000214a5c1c268]
Event: 102.931 Thread 0x00000214bc88f6b0 5925       3       java.util.concurrent.locks.ReentrantReadWriteLock$ReadLock::lock (9 bytes)
Event: 102.931 Thread 0x00000214bc88f6b0 nmethod 5925 0x00000214a5c1c490 code [0x00000214a5c1c640, 0x00000214a5c1c798]
Event: 102.931 Thread 0x00000214bc88f6b0 5926       3       java.util.concurrent.locks.AbstractQueuedSynchronizer::acquireShared (20 bytes)
Event: 102.932 Thread 0x00000214bc88f6b0 nmethod 5926 0x00000214a5c1c890 code [0x00000214a5c1ca60, 0x00000214a5c1cce0]
Event: 102.932 Thread 0x00000214bc88f6b0 5927       3       java.util.concurrent.locks.ReentrantReadWriteLock$Sync::tryAcquireShared (177 bytes)
Event: 102.932 Thread 0x00000214bc88f6b0 nmethod 5927 0x00000214a5c1cd90 code [0x00000214a5c1d040, 0x00000214a5c1df18]
Event: 102.932 Thread 0x00000214bc88f6b0 5928       3       java.util.concurrent.locks.ReentrantReadWriteLock$Sync::sharedCount (5 bytes)
Event: 102.933 Thread 0x00000214bc88f6b0 nmethod 5928 0x00000214a52eea90 code [0x00000214a52eec20, 0x00000214a52eed10]
Event: 102.933 Thread 0x00000214bc88f6b0 5929       3       java.util.concurrent.locks.ReentrantReadWriteLock$NonfairSync::readerShouldBlock (5 bytes)
Event: 102.933 Thread 0x00000214bc88f6b0 nmethod 5929 0x00000214a5c1e490 code [0x00000214a5c1e640, 0x00000214a5c1e788]
Event: 102.933 Thread 0x00000214bc88f6b0 5930       3       java.util.concurrent.locks.AbstractQueuedSynchronizer::apparentlyFirstQueuedIsExclusive (38 bytes)
Event: 102.933 Thread 0x00000214bc88f6b0 nmethod 5930 0x00000214a5c1e810 code [0x00000214a5c1e9c0, 0x00000214a5c1ed08]
Event: 105.233 Thread 0x00000214bc88f6b0 5931       3       sun.security.ssl.Authenticator::increaseSequenceNumber (29 bytes)
Event: 105.233 Thread 0x00000214bc88f6b0 nmethod 5931 0x00000214a5c1ee10 code [0x00000214a5c1efc0, 0x00000214a5c1f1d8]
Event: 105.233 Thread 0x00000214bc88f6b0 5932       1       com.mysql.cj.jdbc.ConnectionImpl::getSession (5 bytes)
Event: 105.234 Thread 0x00000214bc88f6b0 nmethod 5932 0x00000214ad161b90 code [0x00000214ad161d20, 0x00000214ad161df0]

GC Heap History (20 events):
Event: 2.021 GC heap before
{Heap before GC invocations=4 (full 0):
 garbage-first heap   total 55296K, used 51893K [0x0000000709000000, 0x0000000800000000)
  region size 2048K, 23 young (47104K), 4 survivors (8192K)
 Metaspace       used 23567K, committed 23936K, reserved 1114112K
  class space    used 2823K, committed 3008K, reserved 1048576K
}
Event: 2.027 GC heap after
{Heap after GC invocations=5 (full 0):
 garbage-first heap   total 63488K, used 14458K [0x0000000709000000, 0x0000000800000000)
  region size 2048K, 4 young (8192K), 4 survivors (8192K)
 Metaspace       used 23567K, committed 23936K, reserved 1114112K
  class space    used 2823K, committed 3008K, reserved 1048576K
}
Event: 2.335 GC heap before
{Heap before GC invocations=5 (full 0):
 garbage-first heap   total 63488K, used 43130K [0x0000000709000000, 0x0000000800000000)
  region size 2048K, 18 young (36864K), 4 survivors (8192K)
 Metaspace       used 25745K, committed 26112K, reserved 1114112K
  class space    used 3152K, committed 3328K, reserved 1048576K
}
Event: 2.344 GC heap after
{Heap after GC invocations=6 (full 0):
 garbage-first heap   total 63488K, used 16204K [0x0000000709000000, 0x0000000800000000)
  region size 2048K, 2 young (4096K), 2 survivors (4096K)
 Metaspace       used 25745K, committed 26112K, reserved 1114112K
  class space    used 3152K, committed 3328K, reserved 1048576K
}
Event: 2.758 GC heap before
{Heap before GC invocations=6 (full 0):
 garbage-first heap   total 63488K, used 48972K [0x0000000709000000, 0x0000000800000000)
  region size 2048K, 18 young (36864K), 2 survivors (4096K)
 Metaspace       used 29671K, committed 30080K, reserved 1114112K
  class space    used 3661K, committed 3840K, reserved 1048576K
}
Event: 2.763 GC heap after
{Heap after GC invocations=7 (full 0):
 garbage-first heap   total 77824K, used 17069K [0x0000000709000000, 0x0000000800000000)
  region size 2048K, 3 young (6144K), 3 survivors (6144K)
 Metaspace       used 29671K, committed 30080K, reserved 1114112K
  class space    used 3661K, committed 3840K, reserved 1048576K
}
Event: 3.266 GC heap before
{Heap before GC invocations=7 (full 0):
 garbage-first heap   total 77824K, used 55981K [0x0000000709000000, 0x0000000800000000)
  region size 2048K, 22 young (45056K), 3 survivors (6144K)
 Metaspace       used 33872K, committed 34432K, reserved 1114112K
  class space    used 4182K, committed 4416K, reserved 1048576K
}
Event: 3.270 GC heap after
{Heap after GC invocations=8 (full 0):
 garbage-first heap   total 77824K, used 19220K [0x0000000709000000, 0x0000000800000000)
  region size 2048K, 2 young (4096K), 2 survivors (4096K)
 Metaspace       used 33872K, committed 34432K, reserved 1114112K
  class space    used 4182K, committed 4416K, reserved 1048576K
}
Event: 3.415 GC heap before
{Heap before GC invocations=8 (full 0):
 garbage-first heap   total 77824K, used 23316K [0x0000000709000000, 0x0000000800000000)
  region size 2048K, 5 young (10240K), 2 survivors (4096K)
 Metaspace       used 35590K, committed 36096K, reserved 1114112K
  class space    used 4368K, committed 4608K, reserved 1048576K
}
Event: 3.418 GC heap after
{Heap after GC invocations=9 (full 0):
 garbage-first heap   total 77824K, used 19986K [0x0000000709000000, 0x0000000800000000)
  region size 2048K, 2 young (4096K), 2 survivors (4096K)
 Metaspace       used 35590K, committed 36096K, reserved 1114112K
  class space    used 4368K, committed 4608K, reserved 1048576K
}
Event: 3.879 GC heap before
{Heap before GC invocations=10 (full 0):
 garbage-first heap   total 75776K, used 60946K [0x0000000709000000, 0x0000000800000000)
  region size 2048K, 22 young (45056K), 2 survivors (4096K)
 Metaspace       used 41113K, committed 41600K, reserved 1114112K
  class space    used 5064K, committed 5248K, reserved 1048576K
}
Event: 3.880 GC heap after
{Heap after GC invocations=11 (full 0):
 garbage-first heap   total 75776K, used 20802K [0x0000000709000000, 0x0000000800000000)
  region size 2048K, 2 young (4096K), 2 survivors (4096K)
 Metaspace       used 41113K, committed 41600K, reserved 1114112K
  class space    used 5064K, committed 5248K, reserved 1048576K
}
Event: 4.182 GC heap before
{Heap before GC invocations=11 (full 0):
 garbage-first heap   total 75776K, used 61762K [0x0000000709000000, 0x0000000800000000)
  region size 2048K, 22 young (45056K), 2 survivors (4096K)
 Metaspace       used 44866K, committed 45440K, reserved 1114112K
  class space    used 5681K, committed 5952K, reserved 1048576K
}
Event: 4.185 GC heap after
{Heap after GC invocations=12 (full 0):
 garbage-first heap   total 75776K, used 21652K [0x0000000709000000, 0x0000000800000000)
  region size 2048K, 2 young (4096K), 2 survivors (4096K)
 Metaspace       used 44866K, committed 45440K, reserved 1114112K
  class space    used 5681K, committed 5952K, reserved 1048576K
}
Event: 4.563 GC heap before
{Heap before GC invocations=12 (full 0):
 garbage-first heap   total 75776K, used 62612K [0x0000000709000000, 0x0000000800000000)
  region size 2048K, 22 young (45056K), 2 survivors (4096K)
 Metaspace       used 48861K, committed 49408K, reserved 1114112K
  class space    used 6274K, committed 6528K, reserved 1048576K
}
Event: 4.565 GC heap after
{Heap after GC invocations=13 (full 0):
 garbage-first heap   total 75776K, used 22472K [0x0000000709000000, 0x0000000800000000)
  region size 2048K, 2 young (4096K), 2 survivors (4096K)
 Metaspace       used 48861K, committed 49408K, reserved 1114112K
  class space    used 6274K, committed 6528K, reserved 1048576K
}
Event: 4.819 GC heap before
{Heap before GC invocations=13 (full 0):
 garbage-first heap   total 75776K, used 61384K [0x0000000709000000, 0x0000000800000000)
  region size 2048K, 22 young (45056K), 2 survivors (4096K)
 Metaspace       used 53559K, committed 54080K, reserved 1114112K
  class space    used 6935K, committed 7168K, reserved 1048576K
}
Event: 4.821 GC heap after
{Heap after GC invocations=14 (full 0):
 garbage-first heap   total 75776K, used 23168K [0x0000000709000000, 0x0000000800000000)
  region size 2048K, 2 young (4096K), 2 survivors (4096K)
 Metaspace       used 53559K, committed 54080K, reserved 1114112K
  class space    used 6935K, committed 7168K, reserved 1048576K
}
Event: 5.062 GC heap before
{Heap before GC invocations=14 (full 0):
 garbage-first heap   total 75776K, used 62080K [0x0000000709000000, 0x0000000800000000)
  region size 2048K, 22 young (45056K), 2 survivors (4096K)
 Metaspace       used 57912K, committed 58432K, reserved 1114112K
  class space    used 7623K, committed 7872K, reserved 1048576K
}
Event: 5.065 GC heap after
{Heap after GC invocations=15 (full 0):
 garbage-first heap   total 75776K, used 25040K [0x0000000709000000, 0x0000000800000000)
  region size 2048K, 3 young (6144K), 3 survivors (6144K)
 Metaspace       used 57912K, committed 58432K, reserved 1114112K
  class space    used 7623K, committed 7872K, reserved 1048576K
}

Dll operation events (12 events):
Event: 0.045 Loaded shared library C:\Users\Kartik K\.p2\pool\plugins\org.eclipse.justj.openjdk.hotspot.jre.full.win32.x86_64_21.0.8.v20250724-1412\jre\bin\java.dll
Event: 0.073 Loaded shared library C:\Users\Kartik K\.p2\pool\plugins\org.eclipse.justj.openjdk.hotspot.jre.full.win32.x86_64_21.0.8.v20250724-1412\jre\bin\zip.dll
Event: 0.212 Loaded shared library C:\Users\Kartik K\.p2\pool\plugins\org.eclipse.justj.openjdk.hotspot.jre.full.win32.x86_64_21.0.8.v20250724-1412\jre\bin\instrument.dll
Event: 0.216 Loaded shared library C:\Users\Kartik K\.p2\pool\plugins\org.eclipse.justj.openjdk.hotspot.jre.full.win32.x86_64_21.0.8.v20250724-1412\jre\bin\net.dll
Event: 0.216 Loaded shared library C:\Users\Kartik K\.p2\pool\plugins\org.eclipse.justj.openjdk.hotspot.jre.full.win32.x86_64_21.0.8.v20250724-1412\jre\bin\nio.dll
Event: 0.219 Loaded shared library C:\Users\Kartik K\.p2\pool\plugins\org.eclipse.justj.openjdk.hotspot.jre.full.win32.x86_64_21.0.8.v20250724-1412\jre\bin\zip.dll
Event: 0.340 Loaded shared library C:\Users\Kartik K\.p2\pool\plugins\org.eclipse.justj.openjdk.hotspot.jre.full.win32.x86_64_21.0.8.v20250724-1412\jre\bin\jimage.dll
Event: 0.389 Loaded shared library C:\Users\Kartik K\.p2\pool\plugins\org.eclipse.justj.openjdk.hotspot.jre.full.win32.x86_64_21.0.8.v20250724-1412\jre\bin\verify.dll
Event: 1.399 Loaded shared library C:\Users\Kartik K\.p2\pool\plugins\org.eclipse.justj.openjdk.hotspot.jre.full.win32.x86_64_21.0.8.v20250724-1412\jre\bin\sunmscapi.dll
Event: 2.732 Loaded shared library C:\Users\Kartik K\.p2\pool\plugins\org.eclipse.justj.openjdk.hotspot.jre.full.win32.x86_64_21.0.8.v20250724-1412\jre\bin\management.dll
Event: 2.735 Loaded shared library C:\Users\Kartik K\.p2\pool\plugins\org.eclipse.justj.openjdk.hotspot.jre.full.win32.x86_64_21.0.8.v20250724-1412\jre\bin\management_ext.dll
Event: 3.181 Loaded shared library C:\Users\Kartik K\.p2\pool\plugins\org.eclipse.justj.openjdk.hotspot.jre.full.win32.x86_64_21.0.8.v20250724-1412\jre\bin\extnet.dll

Deoptimization events (20 events):
Event: 5.148 Thread 0x00000214a16f9840 DEOPT PACKING pc=0x00000214ad02f904 sp=0x0000008ce50fc840
Event: 5.148 Thread 0x00000214a16f9840 DEOPT UNPACKING pc=0x00000214ac5346a2 sp=0x0000008ce50fc6f8 mode 2
Event: 5.148 Thread 0x00000214a16f9840 DEOPT PACKING pc=0x00000214acfec650 sp=0x0000008ce50fd2c0
Event: 5.148 Thread 0x00000214a16f9840 DEOPT UNPACKING pc=0x00000214ac534e42 sp=0x0000008ce50fc6b8 mode 1
Event: 5.148 Thread 0x00000214a16f9840 DEOPT PACKING pc=0x00000214a5be0e6c sp=0x0000008ce50fd300
Event: 5.148 Thread 0x00000214a16f9840 DEOPT UNPACKING pc=0x00000214ac534e42 sp=0x0000008ce50fc7f0 mode 1
Event: 5.148 Thread 0x00000214a16f9840 Uncommon trap: trap_request=0xffffff97 fr.pc=0x00000214ad02f904 relative=0x0000000000000144
Event: 5.148 Thread 0x00000214a16f9840 Uncommon trap: reason=unhandled action=none pc=0x00000214ad02f904 method=jdk.internal.loader.BuiltinClassLoader.loadClass(Ljava/lang/String;Z)Ljava/lang/Class; @ 19 c2
Event: 5.148 Thread 0x00000214a16f9840 DEOPT PACKING pc=0x00000214ad02f904 sp=0x0000008ce50fc840
Event: 5.148 Thread 0x00000214a16f9840 DEOPT UNPACKING pc=0x00000214ac5346a2 sp=0x0000008ce50fc6f8 mode 2
Event: 5.148 Thread 0x00000214a16f9840 DEOPT PACKING pc=0x00000214acfec650 sp=0x0000008ce50fd2c0
Event: 5.148 Thread 0x00000214a16f9840 DEOPT UNPACKING pc=0x00000214ac534e42 sp=0x0000008ce50fc6b8 mode 1
Event: 5.148 Thread 0x00000214a16f9840 DEOPT PACKING pc=0x00000214a5be0e6c sp=0x0000008ce50fd300
Event: 5.148 Thread 0x00000214a16f9840 DEOPT UNPACKING pc=0x00000214ac534e42 sp=0x0000008ce50fc7f0 mode 1
Event: 110.442 Thread 0x00000214a16f9840 DEOPT PACKING pc=0x00000214a54a469c sp=0x0000008ce50fe100
Event: 110.442 Thread 0x00000214a16f9840 DEOPT UNPACKING pc=0x00000214ac534e42 sp=0x0000008ce50fd5b8 mode 0
Event: 110.452 Thread 0x00000214bcbf96f0 Uncommon trap: trap_request=0xffffff45 fr.pc=0x00000214acc92f24 relative=0x0000000000000b84
Event: 110.452 Thread 0x00000214bcbf96f0 Uncommon trap: reason=unstable_if action=reinterpret pc=0x00000214acc92f24 method=sun.instrument.InstrumentationImpl.transform(Ljava/lang/Module;Ljava/lang/ClassLoader;Ljava/lang/String;Ljava/lang/Class;Ljava/security/ProtectionDomain;[BZ)[B @ 24 c2
Event: 110.452 Thread 0x00000214bcbf96f0 DEOPT PACKING pc=0x00000214acc92f24 sp=0x0000008ce64fe690
Event: 110.452 Thread 0x00000214bcbf96f0 DEOPT UNPACKING pc=0x00000214ac5346a2 sp=0x0000008ce64fe768 mode 2

Classes loaded (20 events):
Event: 4.658 Loading class java/util/concurrent/CompletableFuture$AsynchronousCompletionTask done
Event: 4.659 Loading class java/util/concurrent/CompletableFuture$Completion done
Event: 4.701 Loading class java/util/concurrent/CancellationException
Event: 4.701 Loading class java/util/concurrent/CancellationException done
Event: 4.902 Loading class java/util/ArrayList$ListItr
Event: 4.902 Loading class java/util/ArrayList$ListItr done
Event: 4.957 Loading class java/util/AbstractList$SubList
Event: 4.957 Loading class java/util/AbstractList$SubList done
Event: 4.965 Loading class java/lang/reflect/AnnotatedArrayType
Event: 4.965 Loading class java/lang/reflect/AnnotatedArrayType done
Event: 4.987 Loading class java/lang/foreign/ValueLayout
Event: 4.987 Loading class java/lang/foreign/MemoryLayout
Event: 4.987 Loading class java/lang/foreign/MemoryLayout done
Event: 4.987 Loading class java/lang/foreign/ValueLayout done
Event: 4.991 Loading class jdk/internal/org/objectweb/asm/ClassReader
Event: 4.992 Loading class jdk/internal/org/objectweb/asm/ClassReader done
Event: 5.150 Loading class javax/naming/Reference
Event: 5.150 Loading class javax/naming/Reference done
Event: 5.156 Loading class java/lang/invoke/WrongMethodTypeException
Event: 5.157 Loading class java/lang/invoke/WrongMethodTypeException done

Classes unloaded (0 events):
No events

Classes redefined (1 events):
Event: 110.461 Thread 0x00000214bbfaf010 redefined class name=com.example.Shridevi.h.manangement.HomePageController, count=1

Internal exceptions (20 events):
Event: 3.521 Thread 0x00000214a16f9840 Implicit null exception at 0x00000214accbf8ec to 0x00000214accbf9b0
Event: 3.569 Thread 0x00000214a16f9840 Implicit null exception at 0x00000214acd3b07e to 0x00000214acd3c554
Event: 3.604 Thread 0x00000214a16f9840 Exception <a 'java/lang/NoSuchMethodError'{0x000000070cbce7b8}: 'java.lang.Object java.lang.invoke.DirectMethodHandle$Holder.invokeStaticInit(java.lang.Object, java.lang.Object, java.lang.Object, java.lang.Object)'> (0x000000070cbce7b8) 
thrown [s\src\hotspot\share\interpreter\linkResolver.cpp, line 773]
Event: 3.670 Thread 0x00000214a16f9840 Exception <a 'java/lang/NoSuchMethodError'{0x000000070c5ca368}: 'void java.lang.invoke.DelegatingMethodHandle$Holder.reinvoke_L(java.lang.Object, java.lang.Object, java.lang.Object, java.lang.Object, int, java.lang.Object, java.lang.Object, java.lang.Object)'> (0x000000070c5ca368) 
thrown [s\src\hotspot\share\interpreter\linkResolver.cpp, line 773]
Event: 4.259 Thread 0x00000214a16f9840 Exception <a 'java/lang/NoSuchMethodError'{0x000000070d036cb0}: 'int java.lang.invoke.DirectMethodHandle$Holder.invokeStatic(java.lang.Object)'> (0x000000070d036cb0) 
thrown [s\src\hotspot\share\interpreter\linkResolver.cpp, line 773]
Event: 4.352 Thread 0x00000214a16f9840 Exception <a 'java/lang/NoSuchMethodError'{0x000000070cb41460}: 'int java.lang.invoke.Invokers$Holder.invokeExact_MT(java.lang.Object, java.lang.Object)'> (0x000000070cb41460) 
thrown [s\src\hotspot\share\interpreter\linkResolver.cpp, line 773]
Event: 4.707 Thread 0x00000214a16f9840 Exception <a 'java/lang/IncompatibleClassChangeError'{0x000000070c754630}: Found class java.lang.Object, but interface was expected> (0x000000070c754630) 
thrown [s\src\hotspot\share\interpreter\linkResolver.cpp, line 840]
Event: 4.721 Thread 0x00000214a16f9840 Exception <a 'java/lang/NoSuchMethodError'{0x000000070c5d74e8}: 'java.lang.Object java.lang.invoke.DirectMethodHandle$Holder.invokeStatic(java.lang.Object, java.lang.Object, int, java.lang.Object)'> (0x000000070c5d74e8) 
thrown [s\src\hotspot\share\interpreter\linkResolver.cpp, line 773]
Event: 4.721 Thread 0x00000214a16f9840 Exception <a 'java/lang/NoSuchMethodError'{0x000000070c5dacf0}: 'java.lang.Object java.lang.invoke.DirectMethodHandle$Holder.invokeStaticInit(java.lang.Object, java.lang.Object, int, java.lang.Object)'> (0x000000070c5dacf0) 
thrown [s\src\hotspot\share\interpreter\linkResolver.cpp, line 773]
Event: 5.037 Thread 0x00000214a16f9840 Exception <a 'java/lang/NoSuchMethodError'{0x000000070b694870}: 'void java.lang.invoke.DirectMethodHandle$Holder.invokeInterface(java.lang.Object, java.lang.Object, int, java.lang.Object)'> (0x000000070b694870) 
thrown [s\src\hotspot\share\interpreter\linkResolver.cpp, line 773]
Event: 5.039 Thread 0x00000214a16f9840 Exception <a 'java/lang/NoSuchMethodError'{0x000000070b6e8d88}: 'java.lang.Object java.lang.invoke.DirectMethodHandle$Holder.newInvokeSpecial(java.lang.Object, java.lang.Object, int, java.lang.Object)'> (0x000000070b6e8d88) 
thrown [s\src\hotspot\share\interpreter\linkResolver.cpp, line 773]
Event: 5.055 Thread 0x00000214a16f9840 Exception <a 'java/lang/NoSuchMethodError'{0x000000070b586098}: 'void java.lang.invoke.DirectMethodHandle$Holder.invokeSpecial(java.lang.Object, java.lang.Object, java.lang.Object, java.lang.Object, java.lang.Object, java.lang.Object, java.lang.Object, java.lang.Object)'> (0x000000070b586098) 
thrown [s\src\hotspot\share\interpreter\linkResolver.cpp, line 773]
Event: 5.059 Thread 0x00000214a16f9840 Exception <a 'java/lang/NoSuchMethodError'{0x000000070b216f58}: 'void java.lang.invoke.DirectMethodHandle$Holder.invokeSpecial(java.lang.Object, java.lang.Object, int, java.lang.Object)'> (0x000000070b216f58) 
thrown [s\src\hotspot\share\interpreter\linkResolver.cpp, line 773]
Event: 5.059 Thread 0x00000214a16f9840 Exception <a 'java/lang/NoSuchMethodError'{0x000000070b21d2c0}: 'java.lang.Object java.lang.invoke.DirectMethodHandle$Holder.newInvokeSpecial(java.lang.Object, java.lang.Object, int)'> (0x000000070b21d2c0) 
thrown [s\src\hotspot\share\interpreter\linkResolver.cpp, line 773]
Event: 5.082 Thread 0x00000214a16f9840 Exception <a 'java/lang/NoSuchMethodError'{0x00000007102e26f8}: 'java.lang.Object java.lang.invoke.DirectMethodHandle$Holder.newInvokeSpecial(java.lang.Object, java.lang.Object, java.lang.Object, java.lang.Object, java.lang.Object, int, java.lang.Object)'> (0x00000007102e26f8) 
thrown [s\src\hotspot\share\interpreter\linkResolver.cpp, line 773]
Event: 5.085 Thread 0x00000214a16f9840 Exception <a 'java/lang/NoSuchMethodError'{0x0000000710337508}: 'java.lang.Object java.lang.invoke.Invokers$Holder.linkToTargetMethod(java.lang.Object, java.lang.Object, java.lang.Object, java.lang.Object, java.lang.Object, java.lang.Object, java.lang.Object, java.lang.Object, java.lang.Object, java.lang.Object, java.lang.Object, java.lang.Object)'> (0x0000000710337508) 
thrown [s\src\hotspot\share\interpreter\linkResolver.cpp, line 773]
Event: 5.108 Thread 0x00000214a16f9840 Exception <a 'java/lang/IncompatibleClassChangeError'{0x000000070ff69d68}: Found class java.lang.Object, but interface was expected> (0x000000070ff69d68) 
thrown [s\src\hotspot\share\interpreter\linkResolver.cpp, line 840]
Event: 5.115 Thread 0x00000214a16f9840 Exception <a 'java/lang/NoSuchMethodError'{0x000000070d09ca08}: 'java.lang.Object java.lang.invoke.DirectMethodHandle$Holder.newInvokeSpecial(java.lang.Object, java.lang.Object, java.lang.Object, java.lang.Object, java.lang.Object, java.lang.Object, java.lang.Object, int)'> (0x000000070d09ca08) 
thrown [s\src\hotspot\share\interpreter\linkResolver.cpp, line 773]
Event: 5.115 Thread 0x00000214a16f9840 Exception <a 'java/lang/NoSuchMethodError'{0x000000070d0a0fa8}: 'java.lang.Object java.lang.invoke.DirectMethodHandle$Holder.invokeSpecial(java.lang.Object, java.lang.Object, java.lang.Object, java.lang.Object, java.lang.Object, java.lang.Object, java.lang.Object, java.lang.Object, int)'> (0x000000070d0a0fa8) 
thrown [s\src\hotspot\share\interpreter\linkResolver.cpp, line 773]
Event: 5.115 Thread 0x00000214a16f9840 Exception <a 'java/lang/NoSuchMethodError'{0x000000070d0a4fd0}: 'java.lang.Object java.lang.invoke.Invokers$Holder.linkToTargetMethod(java.lang.Object, java.lang.Object, java.lang.Object, java.lang.Object, java.lang.Object, java.lang.Object, int, java.lang.Object)'> (0x000000070d0a4fd0) 
thrown [s\src\hotspot\share\interpreter\linkResolver.cpp, line 773]

ZGC Phase Switch (0 events):
No events

VM Operations (20 events):
Event: 58.404 Executing VM operation: get/set locals
Event: 58.404 Executing VM operation: get/set locals done
Event: 58.405 Executing VM operation: get/set locals
Event: 58.405 Executing VM operation: get/set locals done
Event: 58.405 Executing VM operation: get/set locals
Event: 58.405 Executing VM operation: get/set locals done
Event: 58.406 Executing VM operation: get/set locals
Event: 58.406 Executing VM operation: get/set locals done
Event: 60.109 Executing VM operation: HandshakeAllThreads (HandshakeForDeflation)
Event: 60.109 Executing VM operation: HandshakeAllThreads (HandshakeForDeflation) done
Event: 60.109 Executing VM operation: RendezvousGCThreads
Event: 60.109 Executing VM operation: RendezvousGCThreads done
Event: 110.441 Executing VM operation: ChangeSingleStep
Event: 110.441 Executing VM operation: ChangeSingleStep done
Event: 110.442 Executing VM operation: ChangeSingleStep
Event: 110.442 Executing VM operation: ChangeSingleStep done
Event: 110.452 Executing VM operation: RedefineClasses
Event: 110.475 Executing VM operation: RedefineClasses done
Event: 110.477 Executing VM operation: ChangeSingleStep
Event: 110.477 Executing VM operation: ChangeSingleStep done

Memory protections (0 events):
No events

Nmethod flushes (20 events):
Event: 3.426 Thread 0x00000214bbfaf010 flushing  nmethod 0x00000214a51c4290
Event: 3.426 Thread 0x00000214bbfaf010 flushing  nmethod 0x00000214a51c4d10
Event: 3.426 Thread 0x00000214bbfaf010 flushing  nmethod 0x00000214a51c5290
Event: 3.426 Thread 0x00000214bbfaf010 flushing  nmethod 0x00000214a51c7490
Event: 3.426 Thread 0x00000214bbfaf010 flushing  nmethod 0x00000214a51dec90
Event: 3.426 Thread 0x00000214bbfaf010 flushing  nmethod 0x00000214a51e3a10
Event: 3.426 Thread 0x00000214bbfaf010 flushing  nmethod 0x00000214a51f1910
Event: 3.426 Thread 0x00000214bbfaf010 flushing  nmethod 0x00000214a51f3690
Event: 3.426 Thread 0x00000214bbfaf010 flushing  nmethod 0x00000214a532c910
Event: 3.426 Thread 0x00000214bbfaf010 flushing  nmethod 0x00000214a532ec10
Event: 3.426 Thread 0x00000214bbfaf010 flushing  nmethod 0x00000214a534fa10
Event: 3.426 Thread 0x00000214bbfaf010 flushing  nmethod 0x00000214a54d2d10
Event: 3.426 Thread 0x00000214bbfaf010 flushing  nmethod 0x00000214a54d4d10
Event: 3.426 Thread 0x00000214bbfaf010 flushing  nmethod 0x00000214a54d8f10
Event: 3.426 Thread 0x00000214bbfaf010 flushing  nmethod 0x00000214a54dd090
Event: 3.426 Thread 0x00000214bbfaf010 flushing  nmethod 0x00000214a55c4c90
Event: 3.426 Thread 0x00000214bbfaf010 flushing  nmethod 0x00000214a55c6210
Event: 3.426 Thread 0x00000214bbfaf010 flushing  nmethod 0x00000214a55c6f90
Event: 3.426 Thread 0x00000214bbfaf010 flushing  nmethod 0x00000214a55c8010
Event: 3.426 Thread 0x00000214bbfaf010 flushing  nmethod 0x00000214a55f7e90

Events (20 events):
Event: 1.387 Thread 0x00000214a16f9840 Thread added: 0x0000021486f95cf0
Event: 1.423 Thread 0x0000021484833960 Thread exited: 0x0000021484833960
Event: 1.428 Thread 0x0000021486f95cf0 Thread exited: 0x0000021486f95cf0
Event: 2.455 Thread 0x00000214bc9a1c00 Thread added: 0x00000214bc9a22d0
Event: 2.525 Thread 0x00000214bc9a1c00 Thread added: 0x00000214bc9a29a0
Event: 2.856 Thread 0x00000214a16f9840 Thread added: 0x000002148863ca90
Event: 2.858 Thread 0x000002148863ca90 Thread added: 0x0000021484c9db40
Event: 2.863 Thread 0x00000214a16f9840 Thread added: 0x00000214894e1190
Event: 2.924 Thread 0x00000214a16f9840 Thread added: 0x0000021486dd9190
Event: 3.596 Thread 0x00000214a16f9840 Thread added: 0x0000021486dd7750
Event: 3.715 Thread 0x0000021486dd7750 Thread added: 0x0000021486dda540
Event: 5.115 Thread 0x00000214bc9a29a0 Thread exited: 0x00000214bc9a29a0
Event: 5.153 Thread 0x00000214bc9a22d0 Thread exited: 0x00000214bc9a22d0
Event: 9.200 Thread 0x0000021486dda540 Thread exited: 0x0000021486dda540
Event: 10.166 Thread 0x00000214bc9a1c00 Thread exited: 0x00000214bc9a1c00
Event: 10.166 Thread 0x00000214bc9a4bb0 Thread exited: 0x00000214bc9a4bb0
Event: 12.873 Thread 0x00000214bc9a3e10 Thread exited: 0x00000214bc9a3e10
Event: 17.885 Thread 0x00000214bc9a3070 Thread exited: 0x00000214bc9a3070
Event: 17.885 Thread 0x00000214bc9a1530 Thread exited: 0x00000214bc9a1530
Event: 22.898 Thread 0x00000214bc9a3740 Thread exited: 0x00000214bc9a3740


Dynamic libraries:
0x00007ff7b50d0000 - 0x00007ff7b50de000 	C:\Users\Kartik K\.p2\pool\plugins\org.eclipse.justj.openjdk.hotspot.jre.full.win32.x86_64_21.0.8.v20250724-1412\jre\bin\javaw.exe
0x00007ffcdcfa0000 - 0x00007ffcdd207000 	C:\WINDOWS\SYSTEM32\ntdll.dll
0x00007ffcdc210000 - 0x00007ffcdc2d9000 	C:\WINDOWS\System32\KERNEL32.DLL
0x00007ffcda430000 - 0x00007ffcda820000 	C:\WINDOWS\System32\KERNELBASE.dll
0x00007ffcda9a0000 - 0x00007ffcdaaeb000 	C:\WINDOWS\System32\ucrtbase.dll
0x00007ffcd7250000 - 0x00007ffcd7268000 	C:\Users\Kartik K\.p2\pool\plugins\org.eclipse.justj.openjdk.hotspot.jre.full.win32.x86_64_21.0.8.v20250724-1412\jre\bin\jli.dll
0x00007ffcd6f50000 - 0x00007ffcd6f6e000 	C:\Users\Kartik K\.p2\pool\plugins\org.eclipse.justj.openjdk.hotspot.jre.full.win32.x86_64_21.0.8.v20250724-1412\jre\bin\VCRUNTIME140.dll
0x00007ffcdb070000 - 0x00007ffcdb235000 	C:\WINDOWS\System32\USER32.dll
0x00007ffcda8c0000 - 0x00007ffcda8e7000 	C:\WINDOWS\System32\win32u.dll
0x00007ffcb5460000 - 0x00007ffcb56fa000 	C:\WINDOWS\WinSxS\amd64_microsoft.windows.common-controls_6595b64144ccf1df_6.0.26100.4768_none_3e0c112ce331287c\COMCTL32.dll
0x00007ffcdbe20000 - 0x00007ffcdbe4b000 	C:\WINDOWS\System32\GDI32.dll
0x00007ffcdbc90000 - 0x00007ffcdbd39000 	C:\WINDOWS\System32\msvcrt.dll
0x00007ffcda0d0000 - 0x00007ffcda208000 	C:\WINDOWS\System32\gdi32full.dll
0x00007ffcda8f0000 - 0x00007ffcda993000 	C:\WINDOWS\System32\msvcp_win.dll
0x00007ffcdb290000 - 0x00007ffcdb2bf000 	C:\WINDOWS\System32\IMM32.DLL
0x00007ffcd7240000 - 0x00007ffcd724c000 	C:\Users\Kartik K\.p2\pool\plugins\org.eclipse.justj.openjdk.hotspot.jre.full.win32.x86_64_21.0.8.v20250724-1412\jre\bin\vcruntime140_1.dll
0x00007ffcb7530000 - 0x00007ffcb75bd000 	C:\Users\Kartik K\.p2\pool\plugins\org.eclipse.justj.openjdk.hotspot.jre.full.win32.x86_64_21.0.8.v20250724-1412\jre\bin\msvcp140.dll
0x00007ffc67d40000 - 0x00007ffc68ad7000 	C:\Users\Kartik K\.p2\pool\plugins\org.eclipse.justj.openjdk.hotspot.jre.full.win32.x86_64_21.0.8.v20250724-1412\jre\bin\server\jvm.dll
0x00007ffcdbd50000 - 0x00007ffcdbe04000 	C:\WINDOWS\System32\ADVAPI32.dll
0x00007ffcdadb0000 - 0x00007ffcdae56000 	C:\WINDOWS\System32\sechost.dll
0x00007ffcdc0d0000 - 0x00007ffcdc1e8000 	C:\WINDOWS\System32\RPCRT4.dll
0x00007ffcdbe60000 - 0x00007ffcdbed4000 	C:\WINDOWS\System32\WS2_32.dll
0x00007ffcce6c0000 - 0x00007ffcce6f5000 	C:\WINDOWS\SYSTEM32\WINMM.dll
0x00007ffcc5d20000 - 0x00007ffcc5d2b000 	C:\WINDOWS\SYSTEM32\VERSION.dll
0x00007ffcd8cb0000 - 0x00007ffcd8d0e000 	C:\WINDOWS\SYSTEM32\POWRPROF.dll
0x00007ffcd8bf0000 - 0x00007ffcd8c04000 	C:\WINDOWS\SYSTEM32\UMPDC.dll
0x00007ffcd8f70000 - 0x00007ffcd8f8b000 	C:\WINDOWS\SYSTEM32\kernel.appcore.dll
0x00007ffcd7280000 - 0x00007ffcd728a000 	C:\Users\Kartik K\.p2\pool\plugins\org.eclipse.justj.openjdk.hotspot.jre.full.win32.x86_64_21.0.8.v20250724-1412\jre\bin\jimage.dll
0x00007ffcd7760000 - 0x00007ffcd79a1000 	C:\WINDOWS\SYSTEM32\DBGHELP.DLL
0x00007ffcdc3d0000 - 0x00007ffcdc755000 	C:\WINDOWS\System32\combase.dll
0x00007ffcdc2e0000 - 0x00007ffcdc3c0000 	C:\WINDOWS\System32\OLEAUT32.dll
0x00007ffcb21c0000 - 0x00007ffcb2203000 	C:\WINDOWS\SYSTEM32\dbgcore.DLL
0x00007ffcda390000 - 0x00007ffcda429000 	C:\WINDOWS\System32\bcryptPrimitives.dll
0x00007ffcd6e20000 - 0x00007ffcd6e5c000 	C:\Users\Kartik K\.p2\pool\plugins\org.eclipse.justj.openjdk.hotspot.jre.full.win32.x86_64_21.0.8.v20250724-1412\jre\bin\jdwp.dll
0x00007ffcd7270000 - 0x00007ffcd727f000 	C:\Users\Kartik K\.p2\pool\plugins\org.eclipse.justj.openjdk.hotspot.jre.full.win32.x86_64_21.0.8.v20250724-1412\jre\bin\instrument.dll
0x00007ffcd7160000 - 0x00007ffcd717f000 	C:\Users\Kartik K\.p2\pool\plugins\org.eclipse.justj.openjdk.hotspot.jre.full.win32.x86_64_21.0.8.v20250724-1412\jre\bin\java.dll
0x00007ffcdb2d0000 - 0x00007ffcdba1d000 	C:\WINDOWS\System32\SHELL32.dll
0x00007ffcdaaf0000 - 0x00007ffcdac63000 	C:\WINDOWS\System32\wintypes.dll
0x00007ffcd7cb0000 - 0x00007ffcd850f000 	C:\WINDOWS\SYSTEM32\windows.storage.dll
0x00007ffcdaf60000 - 0x00007ffcdb055000 	C:\WINDOWS\System32\SHCORE.dll
0x00007ffcdcde0000 - 0x00007ffcdce4a000 	C:\WINDOWS\System32\shlwapi.dll
0x00007ffcd9ff0000 - 0x00007ffcda019000 	C:\WINDOWS\SYSTEM32\profapi.dll
0x00007ffcd70f0000 - 0x00007ffcd7108000 	C:\Users\Kartik K\.p2\pool\plugins\org.eclipse.justj.openjdk.hotspot.jre.full.win32.x86_64_21.0.8.v20250724-1412\jre\bin\zip.dll
0x00007ffcd6e10000 - 0x00007ffcd6e1b000 	C:\Users\Kartik K\.p2\pool\plugins\org.eclipse.justj.openjdk.hotspot.jre.full.win32.x86_64_21.0.8.v20250724-1412\jre\bin\dt_socket.dll
0x00007ffcd8840000 - 0x00007ffcd8873000 	C:\WINDOWS\SYSTEM32\IPHLPAPI.DLL
0x00007ffcd9500000 - 0x00007ffcd956b000 	C:\WINDOWS\system32\mswsock.dll
0x00007ffcd88d0000 - 0x00007ffcd89f6000 	C:\WINDOWS\SYSTEM32\DNSAPI.dll
0x00007ffcdb060000 - 0x00007ffcdb06a000 	C:\WINDOWS\System32\NSI.dll
0x00007ffccdb00000 - 0x00007ffccdb0b000 	C:\Windows\System32\rasadhlp.dll
0x00007ffcd13a0000 - 0x00007ffcd1426000 	C:\WINDOWS\System32\fwpuclnt.dll
0x00007ffcd7230000 - 0x00007ffcd7240000 	C:\Users\Kartik K\.p2\pool\plugins\org.eclipse.justj.openjdk.hotspot.jre.full.win32.x86_64_21.0.8.v20250724-1412\jre\bin\net.dll
0x00007ffccd9c0000 - 0x00007ffccdade000 	C:\WINDOWS\SYSTEM32\WINHTTP.dll
0x00007ffcd6fe0000 - 0x00007ffcd6ff6000 	C:\Users\Kartik K\.p2\pool\plugins\org.eclipse.justj.openjdk.hotspot.jre.full.win32.x86_64_21.0.8.v20250724-1412\jre\bin\nio.dll
0x00007ffcd71f0000 - 0x00007ffcd7200000 	C:\Users\Kartik K\.p2\pool\plugins\org.eclipse.justj.openjdk.hotspot.jre.full.win32.x86_64_21.0.8.v20250724-1412\jre\bin\verify.dll
0x00007ffcd7040000 - 0x00007ffcd704e000 	C:\Users\Kartik K\.p2\pool\plugins\org.eclipse.justj.openjdk.hotspot.jre.full.win32.x86_64_21.0.8.v20250724-1412\jre\bin\sunmscapi.dll
0x00007ffcda210000 - 0x00007ffcda387000 	C:\WINDOWS\System32\CRYPT32.dll
0x00007ffcd99e0000 - 0x00007ffcd9a10000 	C:\WINDOWS\SYSTEM32\ncrypt.dll
0x00007ffcd9990000 - 0x00007ffcd99cf000 	C:\WINDOWS\SYSTEM32\NTASN1.dll
0x00007ffcd97c0000 - 0x00007ffcd97db000 	C:\WINDOWS\SYSTEM32\CRYPTSP.dll
0x00007ffcd8ed0000 - 0x00007ffcd8f0b000 	C:\WINDOWS\system32\rsaenh.dll
0x00007ffcd95a0000 - 0x00007ffcd95cb000 	C:\WINDOWS\SYSTEM32\USERENV.dll
0x00007ffcd9fc0000 - 0x00007ffcd9fe6000 	C:\WINDOWS\SYSTEM32\bcrypt.dll
0x00007ffcd97e0000 - 0x00007ffcd97ec000 	C:\WINDOWS\SYSTEM32\CRYPTBASE.dll
0x00007ffcd7120000 - 0x00007ffcd712a000 	C:\Users\Kartik K\.p2\pool\plugins\org.eclipse.justj.openjdk.hotspot.jre.full.win32.x86_64_21.0.8.v20250724-1412\jre\bin\management.dll
0x00007ffcd6ea0000 - 0x00007ffcd6eab000 	C:\Users\Kartik K\.p2\pool\plugins\org.eclipse.justj.openjdk.hotspot.jre.full.win32.x86_64_21.0.8.v20250724-1412\jre\bin\management_ext.dll
0x00007ffcdbd40000 - 0x00007ffcdbd48000 	C:\WINDOWS\System32\PSAPI.DLL
0x00007ffcd6f70000 - 0x00007ffcd6f79000 	C:\Users\Kartik K\.p2\pool\plugins\org.eclipse.justj.openjdk.hotspot.jre.full.win32.x86_64_21.0.8.v20250724-1412\jre\bin\extnet.dll

JVMTI agents:
jdwp path:C:\Users\Kartik K\.p2\pool\plugins\org.eclipse.justj.openjdk.hotspot.jre.full.win32.x86_64_21.0.8.v20250724-1412\jre\bin\jdwp.dll, loaded, initialized, options:transport=dt_socket,suspend=y,address=localhost:64594
C:\Users\Kartik K\eclipse\dsl-2025-06\eclipse\configuration\org.eclipse.osgi\308\0\.cp\lib\javaagent-shaded.jar path:C:\Users\Kartik K\.p2\pool\plugins\org.eclipse.justj.openjdk.hotspot.jre.full.win32.x86_64_21.0.8.v20250724-1412\jre\bin\instrument.dll, loaded, initialized, instrumentlib options:none

dbghelp: loaded successfully - version: 4.0.5 - missing functions: none
symbol engine: initialized successfully - sym options: 0x614 - pdb path: .;C:\Users\Kartik K\.p2\pool\plugins\org.eclipse.justj.openjdk.hotspot.jre.full.win32.x86_64_21.0.8.v20250724-1412\jre\bin;C:\WINDOWS\SYSTEM32;C:\WINDOWS\WinSxS\amd64_microsoft.windows.common-controls_6595b64144ccf1df_6.0.26100.4768_none_3e0c112ce331287c;C:\Users\Kartik K\.p2\pool\plugins\org.eclipse.justj.openjdk.hotspot.jre.full.win32.x86_64_21.0.8.v20250724-1412\jre\bin\server

VM Arguments:
jvm_args: -XX:+ShowCodeDetailsInExceptionMessages -agentlib:jdwp=transport=dt_socket,suspend=y,address=localhost:64594 -javaagent:C:\Users\Kartik K\eclipse\dsl-2025-06\eclipse\configuration\org.eclipse.osgi\308\0\.cp\lib\javaagent-shaded.jar -Dfile.encoding=UTF-8 -Dstdout.encoding=UTF-8 -Dstderr.encoding=UTF-8 
java_command: com.example.Shridevi.h.manangement.ShrideviHManangementApplication
java_class_path (initial): C:\Users\Kartik K\Downloads\Shridevi h manangement\Shridevi-h-manangement\target\classes;C:\Users\Kartik K\.m2\repository\org\springframework\boot\spring-boot-starter-data-jpa\3.5.4\spring-boot-starter-data-jpa-3.5.4.jar;C:\Users\Kartik K\.m2\repository\org\springframework\boot\spring-boot-starter\3.5.4\spring-boot-starter-3.5.4.jar;C:\Users\Kartik K\.m2\repository\org\springframework\boot\spring-boot\3.5.4\spring-boot-3.5.4.jar;C:\Users\Kartik K\.m2\repository\org\springframework\boot\spring-boot-autoconfigure\3.5.4\spring-boot-autoconfigure-3.5.4.jar;C:\Users\Kartik K\.m2\repository\org\springframework\boot\spring-boot-starter-logging\3.5.4\spring-boot-starter-logging-3.5.4.jar;C:\Users\Kartik K\.m2\repository\ch\qos\logback\logback-classic\1.5.18\logback-classic-1.5.18.jar;C:\Users\Kartik K\.m2\repository\ch\qos\logback\logback-core\1.5.18\logback-core-1.5.18.jar;C:\Users\Kartik K\.m2\repository\org\apache\logging\log4j\log4j-to-slf4j\2.24.3\log4j-to-slf4j-2.24.3.jar;C:\Users\Kartik K\.m2\repository\org\apache\logging\log4j\log4j-api\2.24.3\log4j-api-2.24.3.jar;C:\Users\Kartik K\.m2\repository\org\slf4j\jul-to-slf4j\2.0.17\jul-to-slf4j-2.0.17.jar;C:\Users\Kartik K\.m2\repository\jakarta\annotation\jakarta.annotation-api\2.1.1\jakarta.annotation-api-2.1.1.jar;C:\Users\Kartik K\.m2\repository\org\yaml\snakeyaml\2.4\snakeyaml-2.4.jar;C:\Users\Kartik K\.m2\repository\org\springframework\boot\spring-boot-starter-jdbc\3.5.4\spring-boot-starter-jdbc-3.5.4.jar;C:\Users\Kartik K\.m2\repository\com\zaxxer\HikariCP\6.3.1\HikariCP-6.3.1.jar;C:\Users\Kartik K\.m2\repository\org\springframework\spring-jdbc\6.2.9\spring-jdbc-6.2.9.jar;C:\Users\Kartik K\.m2\repository\org\hibernate\orm\hibernate-core\6.6.22.Final\hibernate-core-6.6.22.Final.jar;C:\Users\Kartik K\.m2\repository\jakarta\persistence\jakarta.persistence-api\3.1.0\jakarta.persistence-api-3.1.0.jar;C:\Users\Kartik K\.m2\repository\jakarta\transaction\jakarta.transaction-api\2.0.1\jakarta.transaction-api-2.0.1.jar;C:\Users\Kartik K\.m2\repository\org\jboss\logging\jboss-logging\3.6.1.Final\jboss-logging-3.6.1.Final.jar;C:\Users\Kartik K\.m2\repository\org\hibernate\common\hibernate-commons-annotations\7.0.3.Final\hibernate-commons-annotations-7.0.3.Final.jar;C:\Users\Kartik K\.m2\repository\io\smallrye\jandex\3.2.0\jandex-3.2.0.jar;C:\Users\Kartik K\.m2\repository\com\fasterxml\classmate\1.7.0\classmate-1.7.0.jar;C:\Users\Kartik K\.m2\repository\net\bytebuddy\byte-buddy\1.17.6\byte-buddy-1.17.6.jar;C:\Users\Kartik K\.m2\repository\org\glassfish\jaxb\jaxb-runtime\4.0.5\jaxb-runtime-4.0.5.jar;C:\Users\Kartik K\.m2\repository\org\glassfish\jaxb\jaxb-core\4.0.5\jaxb-core-4.0.5.jar;C:\Users\Kartik K\.m2\repository\org\eclipse\angus\angus-activation\2.0.2\angus-activation-2.0.2.jar;C:\Users\Kartik K\.m2\repository\org\glassfish\jaxb\txw2\4.0.5\txw2-4.0.5.jar;C:\Users\Kartik K\.m2\repository\com\sun\istack\istack-commons-runtime\4.1.2\istack-commons-runtime-4.1.2.jar;C:\Users\Kartik K\.m2\repository\jakarta\inject\jakarta.inject-api\2.0.1\jakarta.inject-api-2.0.1.jar;C:\Users\Kartik K\.m2\repository\org\antlr\antlr4-runtime\4.13.0\antlr4-runtime-4.13.0.jar;C:\Users\Kartik K\.m2\repository\org\springframework\data\spring-data-jpa\3.5.2\spring-data-jpa-3.5.2.jar;C:\Users\Kartik K\.m2\repository\org\springframework\data\spring-data-commons\3.5.2\spring-data-commons-3.5.2.jar;C:\Users\Kartik K\.m2\repository\org\springframework\spring-orm\6.2.9\spring-orm-6.2.9.jar;C:\Users\Kartik K\.m2\repository\org\springframework\spring-context\6.2.9\spring-context-6.2.9.jar;C:\Users\Kartik K\.m2\repository\org\springframework\spring-aop\6.2.9\spring-aop-6.2.9.jar;C:\Users\Kartik K\.m2\repository\org\springframework\spring-tx\6.2.9\spring-tx-6.2.9.jar;C:\Users\Kartik K\.m2\repository\org\springframework\spring-beans\6.2.9\spring-beans-6.2.9.jar;C:\Users\Kartik K\.m2\repository\org\slf4j\slf4j-api\2.0.17\slf4j-api-2.0.17.jar;C:\Users\Kartik K\.m2\repository\org\springframework\spring-aspects\6.2.9\spring-aspects-6.2.9.jar;C:\Users\Kartik K\.m2\repository\org\aspectj\aspectjweaver\1.9.24\aspectjweaver-1.9.24.jar;C:\Users\Kartik K\.m2\repository\org\springframework\boot\spring-boot-starter-thymeleaf\3.5.4\spring-boot-starter-thymeleaf-3.5.4.jar;C:\Users\Kartik K\.m2\repository\org\thymeleaf\thymeleaf-spring6\3.1.3.RELEASE\thymeleaf-spring6-3.1.3.RELEASE.jar;C:\Users\Kartik K\.m2\repository\org\thymeleaf\thymeleaf\3.1.3.RELEASE\thymeleaf-3.1.3.RELEASE.jar;C:\Users\Kartik K\.m2\repository\org\attoparser\attoparser\2.0.7.RELEASE\attoparser-2.0.7.RELEASE.jar;C:\Users\Kartik K\.m2\repository\org\unbescape\unbescape\1.1.6.RELEASE\unbescape-1.1.6.RELEASE.jar;C:\Users\Kartik K\.m2\repository\org\springframework\boot\spring-boot-starter-web\3.5.4\spring-boot-starter-web-3.5.4.jar;C:\Users\Kartik K\.m2\repository\org\springframework\boot\spring-boot-starter-json\3.5.4\spring-boot-starter-json-3.5.4.jar;C:\Users\Kartik K\.m2\repository\com\fasterxml\jackson\core\jackson-databind\2.19.2\jackson-databind-2.19.2.jar;C:\Users\Kartik K\.m2\repository\com\fasterxml\jackson\core\jackson-annotations\2.19.2\jackson-annotations-2.19.2.jar;C:\Users\Kartik K\.m2\repository\com\fasterxml\jackson\core\jackson-core\2.19.2\jackson-core-2.19.2.jar;C:\Users\Kartik K\.m2\repository\com\fasterxml\jackson\datatype\jackson-datatype-jdk8\2.19.2\jackson-datatype-jdk8-2.19.2.jar;C:\Users\Kartik K\.m2\repository\com\fasterxml\jackson\datatype\jackson-datatype-jsr310\2.19.2\jackson-datatype-jsr310-2.19.2.jar;C:\Users\Kartik K\.m2\repository\com\fasterxml\jackson\module\jackson-module-parameter-names\2.19.2\jackson-module-parameter-names-2.19.2.jar;C:\Users\Kartik K\.m2\repository\org\springframework\boot\spring-boot-starter-tomcat\3.5.4\spring-boot-starter-tomcat-3.5.4.jar;C:\Users\Kartik K\.m2\repository\org\apache\tomcat\embed\tomcat-embed-core\10.1.43\tomcat-embed-core-10.1.43.jar;C:\Users\Kartik K\.m2\repository\org\apache\tomcat\embed\tomcat-embed-el\10.1.43\tomcat-embed-el-10.1.43.jar;C:\Users\Kartik K\.m2\repository\org\apache\tomcat\embed\tomcat-embed-websocket\10.1.43\tomcat-embed-websocket-10.1.43.jar;C:\Users\Kartik K\.m2\repository\org\springframework\spring-web\6.2.9\spring-web-6.2.9.jar;C:\Users\Kartik K\.m2\repository\io\micrometer\micrometer-observation\1.15.2\micrometer-observation-1.15.2.jar;C:\Users\Kartik K\.m2\repository\io\micrometer\micrometer-commons\1.15.2\micrometer-commons-1.15.2.jar;C:\Users\Kartik K\.m2\repository\org\springframework\spring-webmvc\6.2.9\spring-webmvc-6.2.9.jar;C:\Users\Kartik K\.m2\repository\org\springframework\spring-expression\6.2.9\spring-expression-6.2.9.jar;C:\Users\Kartik K\.m2\repository\com\mysql\mysql-connector-j\9.3.0\mysql-connector-j-9.3.0.jar;C:\Users\Kartik K\.m2\repository\jakarta\xml\bind\jakarta.xml.bind-api\4.0.2\jakarta.xml.bind-api-4.0.2.jar;C:\Users\Kartik K\.m2\repository\jakarta\activation\jakarta.activation-api\2.1.3\jakarta.activation-api-2.1.3.jar;C:\Users\Kartik K\.m2\repository\org\springframework\spring-core\6.2.9\spring-core-6.2.9.jar;C:\Users\Kartik K\.m2\repository\org\springframework\spring-jcl\6.2.9\spring-jcl-6.2.9.jar
Launcher Type: SUN_STANDARD

[Global flags]
     intx CICompilerCount                          = 12                                        {product} {ergonomic}
     uint ConcGCThreads                            = 4                                         {product} {ergonomic}
     uint G1ConcRefinementThreads                  = 14                                        {product} {ergonomic}
   size_t G1HeapRegionSize                         = 2097152                                   {product} {ergonomic}
    uintx GCDrainStackTargetSize                   = 64                                        {product} {ergonomic}
   size_t InitialHeapSize                          = 260046848                                 {product} {ergonomic}
   size_t MarkStackSize                            = 4194304                                   {product} {ergonomic}
   size_t MaxHeapSize                              = 4143972352                                {product} {ergonomic}
   size_t MaxNewSize                               = 2485125120                                {product} {ergonomic}
   size_t MinHeapDeltaBytes                        = 2097152                                   {product} {ergonomic}
   size_t MinHeapSize                              = 8388608                                   {product} {ergonomic}
    uintx NonNMethodCodeHeapSize                   = 7602480                                {pd product} {ergonomic}
    uintx NonProfiledCodeHeapSize                  = 122027880                              {pd product} {ergonomic}
    uintx ProfiledCodeHeapSize                     = 122027880                              {pd product} {ergonomic}
    uintx ReservedCodeCacheSize                    = 251658240                              {pd product} {ergonomic}
     bool SegmentedCodeCache                       = true                                      {product} {ergonomic}
     bool ShowCodeDetailsInExceptionMessages       = true                                   {manageable} {command line}
   size_t SoftMaxHeapSize                          = 4143972352                             {manageable} {ergonomic}
     bool UseCompressedOops                        = true                           {product lp64_product} {ergonomic}
     bool UseG1GC                                  = true                                      {product} {ergonomic}
     bool UseLargePagesIndividualAllocation        = false                                  {pd product} {ergonomic}

Logging:
Log output configuration:
 #0: stdout all=warning uptime,level,tags foldmultilines=false
 #1: stderr all=off uptime,level,tags foldmultilines=false

Environment Variables:
PATH=C:\Users\Kartik K\.p2\pool\plugins\org.eclipse.justj.openjdk.hotspot.jre.full.win32.x86_64_21.0.8.v20250724-1412\jre\bin;C:/Users/Kartik K/.p2/pool/plugins/org.eclipse.justj.openjdk.hotspot.jre.full.win32.x86_64_21.0.8.v20250724-1412/jre/bin/server;C:/Users/Kartik K/.p2/pool/plugins/org.eclipse.justj.openjdk.hotspot.jre.full.win32.x86_64_21.0.8.v20250724-1412/jre/bin;C:\Program Files\Common Files\Oracle\Java\javapath;C:\windows\system32;C:\windows;C:\windows\System32\Wbem;C:\windows\System32\WindowsPowerShell\v1.0\;C:\windows\System32\OpenSSH\;C:\Program Files\HP\HP One Agent;C:\WINDOWS\system32;C:\WINDOWS;C:\WINDOWS\System32\Wbem;C:\WINDOWS\System32\WindowsPowerShell\v1.0\;C:\WINDOWS\System32\OpenSSH\;C:\Program Files\PowerShell\7\;C:\Program Files\MySQL\MySQL Shell 8.0\bin\;C:\Users\Kartik K\AppData\Local\Programs\Python\Python313\Scripts\;C:\Users\Kartik K\AppData\Local\Programs\Python\Python313\;C:\Users\Kartik K\AppData\Local\Microsoft\WindowsApps;C:\Users\Kartik K\AppData\Local\Programs\Microsoft VS Code\bin;C:\WINDOWS\system32;
USERNAME=Kartik K
OS=Windows_NT
PROCESSOR_IDENTIFIER=Intel64 Family 6 Model 170 Stepping 4, GenuineIntel
TMP=C:\Users\KARTIK~1\AppData\Local\Temp
TEMP=C:\Users\KARTIK~1\AppData\Local\Temp




Periodic native trim disabled

---------------  S Y S T E M  ---------------

OS:
 Windows 11 , 64 bit Build 26100 (10.0.26100.4768)
OS uptime: 1 days 13:00 hours
Hyper-V role detected

CPU: total 18 (initial active 18) (9 cores per cpu, 2 threads per core) family 6 model 170 stepping 4 microcode 0x1c, cx8, cmov, fxsr, ht, mmx, 3dnowpref, sse, sse2, sse3, ssse3, sse4.1, sse4.2, popcnt, lzcnt, tsc, tscinvbit, avx, avx2, aes, erms, clmul, bmi1, bmi2, adx, sha, fma, vzeroupper, clflush, clflushopt, clwb, hv, serialize, rdtscp, rdpid, fsrm, f16c, cet_ibt, cet_ss
Processor Information for processor 0
  Max Mhz: 1200, Current Mhz: 1200, Mhz Limit: 1200
Processor Information for processor 1
  Max Mhz: 1200, Current Mhz: 1200, Mhz Limit: 1200
Processor Information for processor 2
  Max Mhz: 3600, Current Mhz: 700, Mhz Limit: 684
Processor Information for processor 3
  Max Mhz: 3600, Current Mhz: 700, Mhz Limit: 684
Processor Information for processor 4
  Max Mhz: 3600, Current Mhz: 700, Mhz Limit: 684
Processor Information for processor 5
  Max Mhz: 3600, Current Mhz: 700, Mhz Limit: 684
Processor Information for processor 6
  Max Mhz: 3600, Current Mhz: 700, Mhz Limit: 684
Processor Information for processor 7
  Max Mhz: 3600, Current Mhz: 700, Mhz Limit: 684
Processor Information for processor 8
  Max Mhz: 3600, Current Mhz: 700, Mhz Limit: 684
Processor Information for processor 9
  Max Mhz: 3600, Current Mhz: 700, Mhz Limit: 684
Processor Information for processor 10
  Max Mhz: 1200, Current Mhz: 1200, Mhz Limit: 1200
Processor Information for processor 11
  Max Mhz: 1200, Current Mhz: 1200, Mhz Limit: 1200
Processor Information for processor 12
  Max Mhz: 1200, Current Mhz: 1200, Mhz Limit: 1200
Processor Information for processor 13
  Max Mhz: 1200, Current Mhz: 1200, Mhz Limit: 1200
Processor Information for processor 14
  Max Mhz: 1200, Current Mhz: 1200, Mhz Limit: 1200
Processor Information for processor 15
  Max Mhz: 1200, Current Mhz: 1200, Mhz Limit: 1200
Processor Information for processor 16
  Max Mhz: 2500, Current Mhz: 700, Mhz Limit: 700
Processor Information for processor 17
  Max Mhz: 2500, Current Mhz: 700, Mhz Limit: 700

Memory: 4k page, system-wide physical 15800M (1867M free)
TotalPageFile size 23021M (AvailPageFile size 1717M)
current process WorkingSet (physical memory assigned to process): 248M, peak: 368M
current process commit charge ("private bytes"): 311M, peak: 465M

vm_info: OpenJDK 64-Bit Server VM (21.0.8+9-LTS) for windows-amd64 JRE (21.0.8+9-LTS), built on 2025-07-15T00:00:00Z by "admin" with MS VC++ 17.7 (VS2022)

END.
